#
# A fatal error has been detected by the Java Runtime Environment:
#
#  Internal Error (javaClasses.cpp:136), pid=10300, tid=10992
#  fatal error: Invalid layout of preloaded class
#
# JRE version:  (7.0_51-b13) (build )
# Java VM: Java HotSpot(TM) 64-Bit Server VM (24.51-b03 mixed mode windows-amd64 compressed oops)
# Failed to write core dump. Minidumps are not enabled by default on client versions of Windows
#
# If you would like to submit a bug report, please visit:
#   http://bugreport.sun.com/bugreport/crash.jsp
#

---------------  T H R E A D  ---------------

Current thread (0x00000000027a0800):  JavaThread "Unknown thread" [_thread_in_vm, id=10992, stack(0x0000000002660000,0x0000000002760000)]

Stack: [0x0000000002660000,0x0000000002760000]

---------------  P R O C E S S  ---------------

Java Threads: ( => current thread )

Other Threads:

=>0x00000000027a0800 (exited) JavaThread "Unknown thread" [_thread_in_vm, id=10992, stack(0x0000000002660000,0x0000000002760000)]

VM state:not at safepoint (not fully initialized)

VM Mutex/Monitor currently owned by a thread: None

GC Heap History (0 events):
No events

Deoptimization events (0 events):
No events

Internal exceptions (0 events):
No events

Events (10 events):
Event: 0.009 loading class 0x00000000027e54f0 done
Event: 0.009 loading class 0x00000000027e4f10 done
Event: 0.009 loading class 0x00000000027e4ef0
Event: 0.009 loading class 0x00000000027ed000
Event: 0.009 loading class 0x00000000027ed000 done
Event: 0.009 loading class 0x00000000027ed030
Event: 0.009 loading class 0x00000000027ed030 done
Event: 0.009 loading class 0x00000000027ed060
Event: 0.010 loading class 0x00000000027ed060 done
Event: 0.010 loading class 0x00000000027e4ef0 done


Dynamic libraries:
0x000007f7c8280000 - 0x000007f7c82b3000 	C:\Program Files\Java\jre7\bin\javaw.exe
0x000007fa334d0000 - 0x000007fa3368e000 	C:\Windows\SYSTEM32\ntdll.dll
0x000007fa30f10000 - 0x000007fa31047000 	C:\Windows\system32\KERNEL32.DLL
0x000007fa305c0000 - 0x000007fa306b4000 	C:\Windows\system32\KERNELBASE.dll
0x000007fa30e30000 - 0x000007fa30f0e000 	C:\Windows\system32\ADVAPI32.dll
0x000007fa33150000 - 0x000007fa3329c000 	C:\Windows\system32\USER32.dll
0x000007fa2e440000 - 0x000007fa2e6aa000 	C:\Windows\WinSxS\amd64_microsoft.windows.common-controls_6595b64144ccf1df_6.0.9200.16579_none_418ab7ef718b27ef\COMCTL32.dll
0x000007fa31050000 - 0x000007fa310f5000 	C:\Windows\system32\msvcrt.dll
0x000007fa30d70000 - 0x000007fa30db8000 	C:\Windows\SYSTEM32\sechost.dll
0x000007fa30c20000 - 0x000007fa30d65000 	C:\Windows\system32\RPCRT4.dll
0x000007fa32f30000 - 0x000007fa33071000 	C:\Windows\system32\GDI32.dll
0x000007fa31750000 - 0x000007fa31789000 	C:\Windows\system32\IMM32.DLL
0x000007fa31630000 - 0x000007fa31746000 	C:\Windows\system32\MSCTF.dll
0x0000000074ed0000 - 0x0000000074fa2000 	C:\Program Files\Java\jre7\bin\msvcr100.dll
0x0000000074700000 - 0x0000000074ec9000 	C:\Program Files\Java\jre7\bin\server\jvm.dll
0x000007fa2eef0000 - 0x000007fa2eef9000 	C:\Windows\SYSTEM32\WSOCK32.dll
0x000007fa2c0c0000 - 0x000007fa2c0e0000 	C:\Windows\SYSTEM32\WINMM.dll
0x000007fa33080000 - 0x000007fa33087000 	C:\Windows\system32\PSAPI.DLL
0x000007fa315d0000 - 0x000007fa31628000 	C:\Windows\system32\WS2_32.dll
0x000007fa2c080000 - 0x000007fa2c0b3000 	C:\Windows\SYSTEM32\WINMMBASE.dll
0x000007fa30dc0000 - 0x000007fa30dc9000 	C:\Windows\system32\NSI.dll
0x000007fa304f0000 - 0x000007fa3053f000 	C:\Windows\SYSTEM32\cfgmgr32.dll
0x000007fa304c0000 - 0x000007fa304e2000 	C:\Windows\system32\DEVOBJ.dll
0x00000000746f0000 - 0x00000000746ff000 	C:\Program Files\Java\jre7\bin\verify.dll
0x00000000746c0000 - 0x00000000746e8000 	C:\Program Files\Java\jre7\bin\java.dll
0x00000000746a0000 - 0x00000000746b5000 	C:\Program Files\Java\jre7\bin\zip.dll

VM Arguments:
jvm_args: -Dfile.encoding=Cp1252 -Xbootclasspath:E:\adt-bundle-windows-x86_64-20140702\sdk\platforms\android-20\android.jar 
java_command: TestFeatures.TestGame
Launcher Type: SUN_STANDARD

Environment Variables:
PATH=C:\Windows\system32;C:\Windows;C:\Windows\System32\Wbem;C:\Windows\System32\WindowsPowerShell\v1.0\;C:\Program Files\Microsoft SQL Server\110\Tools\Binn\;C:\Program Files (x86)\Git\cmd;C:\Program Files\TortoiseSVN\bin;C:\Program Files (x86)\Windows Kits\8.1\Windows Performance Toolkit\;C:\Program Files (x86)\Microsoft SDKs\TypeScript\1.0\;C:\Program Files\Microsoft SQL Server\120\Tools\Binn\;C:\Windows\system32;C:\Windows;C:\Windows\System32\Wbem;C:\Windows\System32\WindowsPowerShell\v1.0\;C:\Program Files\Microsoft SQL Server\110\Tools\Binn\;C:\Program Files (x86)\Git\cmd;C:\Program Files\TortoiseSVN\bin;C:\Users\Harrison\Documents\simulationcraft-74e35aa21861;C:\Python27
USERNAME=Harrison
OS=Windows_NT
PROCESSOR_IDENTIFIER=AMD64 Family 21 Model 16 Stepping 1, AuthenticAMD



---------------  S Y S T E M  ---------------

OS: Windows 8 , 64 bit Build 9200 

CPU:total 4 (4 cores per cpu, 1 threads per core) family 21 model 16 stepping 1, cmov, cx8, fxsr, mmx, sse, sse2, sse3, ssse3, sse4.1, sse4.2, popcnt, avx, aes, mmxext, 3dnowpref, lzcnt, sse4a, tsc, tscinvbit, tscinv

Memory: 4k page, physical 8079592k(4556296k free), swap 9324776k(4688688k free)

vm_info: Java HotSpot(TM) 64-Bit Server VM (24.51-b03) for windows-amd64 JRE (1.7.0_51-b13), built on Dec 18 2013 18:40:56 by "java_re" with unknown MS VC++:1600

time: Wed Jan 28 18:49:10 2015
elapsed time: 0 seconds

